<?xml version="1.0" encoding="UTF-8"?>
<!-- Generated by org.testng.reporters.JUnitReportReporter -->
<testsuite skipped="0" hostname="IKCON1049" name="com.ikcon.tech.AppTest" tests="1" failures="0" timestamp="2022-08-25T14:47:53 IST" time="0.005" errors="0">
  <testcase name="shouldAnswerWithTrue" time="0.005" classname="com.ikcon.tech.AppTest"/>
  <system-out/>
</testsuite> <!-- com.ikcon.tech.AppTest -->
